Determining if the pthread_create exist failed with the following output:
Change Dir: /home/BB/catkin_ws/build/CMakeFiles/CMakeTmp

Run Build Command:/usr/bin/make "cmTryCompileExec3656772747/fast"
/usr/bin/make -f CMakeFiles/cmTryCompileExec3656772747.dir/build.make CMakeFiles/cmTryCompileExec3656772747.dir/build
make[1]: Entering directory `/home/BB/catkin_ws/build/CMakeFiles/CMakeTmp'
/usr/bin/cmake -E cmake_progress_report /home/BB/catkin_ws/build/CMakeFiles/CMakeTmp/CMakeFiles 1
Building C object CMakeFiles/cmTryCompileExec3656772747.dir/CheckSymbolExists.c.o
/usr/bin/cc    -o CMakeFiles/cmTryCompileExec3656772747.dir/CheckSymbolExists.c.o   -c /home/BB/catkin_ws/build/CMakeFiles/CMakeTmp/CheckSymbolExists.c
Linking C executable cmTryCompileExec3656772747
/usr/bin/cmake -E cmake_link_script CMakeFiles/cmTryCompileExec3656772747.dir/link.txt --verbose=1
/usr/bin/cc       CMakeFiles/cmTryCompileExec3656772747.dir/CheckSymbolExists.c.o  -o cmTryCompileExec3656772747 -rdynamic 
CMakeFiles/cmTryCompileExec3656772747.dir/CheckSymbolExists.c.o: In function `main':
CheckSymbolExists.c:(.text+0x16): undefined reference to `pthread_create'
collect2: error: ld returned 1 exit status
make[1]: *** [cmTryCompileExec3656772747] Error 1
make[1]: Leaving directory `/home/BB/catkin_ws/build/CMakeFiles/CMakeTmp'
make: *** [cmTryCompileExec3656772747/fast] Error 2

File /home/BB/catkin_ws/build/CMakeFiles/CMakeTmp/CheckSymbolExists.c:
/* */
#include <pthread.h>

int main(int argc, char** argv)
{
  (void)argv;
#ifndef pthread_create
  return ((int*)(&pthread_create))[argc];
#else
  (void)argc;
  return 0;
#endif
}

Determining if the function pthread_create exists in the pthreads failed with the following output:
Change Dir: /home/BB/catkin_ws/build/CMakeFiles/CMakeTmp

Run Build Command:/usr/bin/make "cmTryCompileExec2783594813/fast"
/usr/bin/make -f CMakeFiles/cmTryCompileExec2783594813.dir/build.make CMakeFiles/cmTryCompileExec2783594813.dir/build
make[1]: Entering directory `/home/BB/catkin_ws/build/CMakeFiles/CMakeTmp'
/usr/bin/cmake -E cmake_progress_report /home/BB/catkin_ws/build/CMakeFiles/CMakeTmp/CMakeFiles 1
Building C object CMakeFiles/cmTryCompileExec2783594813.dir/CheckFunctionExists.c.o
/usr/bin/cc   -DCHECK_FUNCTION_EXISTS=pthread_create   -o CMakeFiles/cmTryCompileExec2783594813.dir/CheckFunctionExists.c.o   -c /usr/share/cmake-2.8/Modules/CheckFunctionExists.c
Linking C executable cmTryCompileExec2783594813
/usr/bin/cmake -E cmake_link_script CMakeFiles/cmTryCompileExec2783594813.dir/link.txt --verbose=1
/usr/bin/cc   -DCHECK_FUNCTION_EXISTS=pthread_create    CMakeFiles/cmTryCompileExec2783594813.dir/CheckFunctionExists.c.o  -o cmTryCompileExec2783594813 -rdynamic -lpthreads 
/usr/bin/ld: cannot find -lpthreads
collect2: error: ld returned 1 exit status
make[1]: *** [cmTryCompileExec2783594813] Error 1
make[1]: Leaving directory `/home/BB/catkin_ws/build/CMakeFiles/CMakeTmp'
make: *** [cmTryCompileExec2783594813/fast] Error 2


Determining if the Q_WS_WIN exist failed with the following output:
Change Dir: /home/BB/catkin_ws/build/CMakeFiles/CMakeTmp

Run Build Command:/usr/bin/make "cmTryCompileExec1983919442/fast"
/usr/bin/make -f CMakeFiles/cmTryCompileExec1983919442.dir/build.make CMakeFiles/cmTryCompileExec1983919442.dir/build
make[1]: Entering directory `/home/BB/catkin_ws/build/CMakeFiles/CMakeTmp'
/usr/bin/cmake -E cmake_progress_report /home/BB/catkin_ws/build/CMakeFiles/CMakeTmp/CMakeFiles 1
Building CXX object CMakeFiles/cmTryCompileExec1983919442.dir/CheckSymbolExists.cxx.o
/usr/bin/c++    -I/usr/include/qt4    -o CMakeFiles/cmTryCompileExec1983919442.dir/CheckSymbolExists.cxx.o -c /home/BB/catkin_ws/build/CMakeFiles/CMakeTmp/CheckSymbolExists.cxx
/home/BB/catkin_ws/build/CMakeFiles/CMakeTmp/CheckSymbolExists.cxx: In function ‘int main(int, char**)’:
/home/BB/catkin_ws/build/CMakeFiles/CMakeTmp/CheckSymbolExists.cxx:8:19: error: ‘Q_WS_WIN’ was not declared in this scope
   return ((int*)(&Q_WS_WIN))[argc];
                   ^
make[1]: *** [CMakeFiles/cmTryCompileExec1983919442.dir/CheckSymbolExists.cxx.o] Error 1
make[1]: Leaving directory `/home/BB/catkin_ws/build/CMakeFiles/CMakeTmp'
make: *** [cmTryCompileExec1983919442/fast] Error 2

File /home/BB/catkin_ws/build/CMakeFiles/CMakeTmp/CheckSymbolExists.cxx:
/* */
#include <QtCore/qglobal.h>

int main(int argc, char** argv)
{
  (void)argv;
#ifndef Q_WS_WIN
  return ((int*)(&Q_WS_WIN))[argc];
#else
  (void)argc;
  return 0;
#endif
}

Determining if the Q_WS_QWS exist failed with the following output:
Change Dir: /home/BB/catkin_ws/build/CMakeFiles/CMakeTmp

Run Build Command:/usr/bin/make "cmTryCompileExec1404189225/fast"
/usr/bin/make -f CMakeFiles/cmTryCompileExec1404189225.dir/build.make CMakeFiles/cmTryCompileExec1404189225.dir/build
make[1]: Entering directory `/home/BB/catkin_ws/build/CMakeFiles/CMakeTmp'
/usr/bin/cmake -E cmake_progress_report /home/BB/catkin_ws/build/CMakeFiles/CMakeTmp/CMakeFiles 1
Building CXX object CMakeFiles/cmTryCompileExec1404189225.dir/CheckSymbolExists.cxx.o
/usr/bin/c++    -I/usr/include/qt4    -o CMakeFiles/cmTryCompileExec1404189225.dir/CheckSymbolExists.cxx.o -c /home/BB/catkin_ws/build/CMakeFiles/CMakeTmp/CheckSymbolExists.cxx
/home/BB/catkin_ws/build/CMakeFiles/CMakeTmp/CheckSymbolExists.cxx: In function ‘int main(int, char**)’:
/home/BB/catkin_ws/build/CMakeFiles/CMakeTmp/CheckSymbolExists.cxx:8:19: error: ‘Q_WS_QWS’ was not declared in this scope
   return ((int*)(&Q_WS_QWS))[argc];
                   ^
make[1]: *** [CMakeFiles/cmTryCompileExec1404189225.dir/CheckSymbolExists.cxx.o] Error 1
make[1]: Leaving directory `/home/BB/catkin_ws/build/CMakeFiles/CMakeTmp'
make: *** [cmTryCompileExec1404189225/fast] Error 2

File /home/BB/catkin_ws/build/CMakeFiles/CMakeTmp/CheckSymbolExists.cxx:
/* */
#include <QtCore/qglobal.h>

int main(int argc, char** argv)
{
  (void)argv;
#ifndef Q_WS_QWS
  return ((int*)(&Q_WS_QWS))[argc];
#else
  (void)argc;
  return 0;
#endif
}

Determining if the Q_WS_MAC exist failed with the following output:
Change Dir: /home/BB/catkin_ws/build/CMakeFiles/CMakeTmp

Run Build Command:/usr/bin/make "cmTryCompileExec2313499933/fast"
/usr/bin/make -f CMakeFiles/cmTryCompileExec2313499933.dir/build.make CMakeFiles/cmTryCompileExec2313499933.dir/build
make[1]: Entering directory `/home/BB/catkin_ws/build/CMakeFiles/CMakeTmp'
/usr/bin/cmake -E cmake_progress_report /home/BB/catkin_ws/build/CMakeFiles/CMakeTmp/CMakeFiles 1
Building CXX object CMakeFiles/cmTryCompileExec2313499933.dir/CheckSymbolExists.cxx.o
/usr/bin/c++    -I/usr/include/qt4    -o CMakeFiles/cmTryCompileExec2313499933.dir/CheckSymbolExists.cxx.o -c /home/BB/catkin_ws/build/CMakeFiles/CMakeTmp/CheckSymbolExists.cxx
/home/BB/catkin_ws/build/CMakeFiles/CMakeTmp/CheckSymbolExists.cxx: In function ‘int main(int, char**)’:
/home/BB/catkin_ws/build/CMakeFiles/CMakeTmp/CheckSymbolExists.cxx:8:19: error: ‘Q_WS_MAC’ was not declared in this scope
   return ((int*)(&Q_WS_MAC))[argc];
                   ^
make[1]: *** [CMakeFiles/cmTryCompileExec2313499933.dir/CheckSymbolExists.cxx.o] Error 1
make[1]: Leaving directory `/home/BB/catkin_ws/build/CMakeFiles/CMakeTmp'
make: *** [cmTryCompileExec2313499933/fast] Error 2

File /home/BB/catkin_ws/build/CMakeFiles/CMakeTmp/CheckSymbolExists.cxx:
/* */
#include <QtCore/qglobal.h>

int main(int argc, char** argv)
{
  (void)argv;
#ifndef Q_WS_MAC
  return ((int*)(&Q_WS_MAC))[argc];
#else
  (void)argc;
  return 0;
#endif
}

